<?xml version="1.0" encoding="UTF-8"?>
<!-- Generated by org.testng.reporters.JUnitReportReporter -->
<testsuite hostname="DYL201200038" name="TestCase.NewTest" tests="1" failures="0" timestamp="19 Jul 2017 06:49:35 GMT" time="20.255" errors="0">
  <testcase name="f" time="20.255" classname="TestCase.NewTest"/>
</testsuite> <!-- TestCase.NewTest -->
