<?xml version="1.0" encoding="UTF-8"?>
<!-- Generated by org.testng.reporters.JUnitReportReporter -->
<testsuite hostname="FuyangPC" name="TestNG.SVA.SVALoginTest" tests="1" failures="0" timestamp="6 May 2015 05:52:33 GMT" time="23.148" errors="0">
  <testcase name="LoginTest" time="23.148" classname="TestNG.SVA.SVALoginTest"/>
</testsuite> <!-- TestNG.SVA.SVALoginTest -->
