<?xml version="1.0" encoding="UTF-8"?>
<!-- Generated by org.testng.reporters.JUnitReportReporter -->
<testsuite hostname="FuyangPC" name="TestNG.NewTest" tests="1" failures="0" timestamp="22 Apr 2015 10:03:47 GMT" time="0.022" errors="0">
  <testcase name="f" time="0.022" classname="TestNG.NewTest"/>
</testsuite> <!-- TestNG.NewTest -->
