<?xml version="1.0" encoding="UTF-8"?>
<!-- Generated by org.testng.reporters.JUnitReportReporter -->
<testsuite hostname="FuyangPC" name="TestNG.SVA.EditDirectiryNameTest" tests="1" failures="0" timestamp="6 May 2015 07:24:43 GMT" time="62.803" errors="0">
  <testcase name="editDirectiryNameTest" time="62.803" classname="TestNG.SVA.EditDirectiryNameTest"/>
</testsuite> <!-- TestNG.SVA.EditDirectiryNameTest -->
