<?xml version="1.0" encoding="UTF-8"?>
<!-- Generated by org.testng.reporters.JUnitReportReporter -->
<testsuite hostname="FuyangPC" name="TestNG.SVALoginTest" tests="1" failures="0" timestamp="6 May 2015 03:44:49 GMT" time="23.276" errors="0">
  <testcase name="f" time="23.276" classname="TestNG.SVALoginTest"/>
</testsuite> <!-- TestNG.SVALoginTest -->
