<?xml version="1.0" encoding="UTF-8"?>
<!-- Generated by org.testng.reporters.JUnitReportReporter -->
<testsuite hostname="FuyangPC" name="TestNG.SVA.SVAConsoleTest" tests="1" failures="0" timestamp="6 May 2015 08:43:36 GMT" time="35.164" errors="0">
  <testcase name="ConsoleTest" time="35.164" classname="TestNG.SVA.SVAConsoleTest"/>
</testsuite> <!-- TestNG.SVA.SVAConsoleTest -->
